mode: set
go-programming/data-structures/stacks/array_stack.go:15.24,19.2 1 1
go-programming/data-structures/stacks/array_stack.go:22.32,24.2 1 1
go-programming/data-structures/stacks/array_stack.go:27.36,28.17 1 1
go-programming/data-structures/stacks/array_stack.go:28.17,30.3 1 0
go-programming/data-structures/stacks/array_stack.go:32.2,35.18 4 1
go-programming/data-structures/stacks/array_stack.go:39.37,40.17 1 1
go-programming/data-structures/stacks/array_stack.go:40.17,42.3 1 0
go-programming/data-structures/stacks/array_stack.go:44.2,44.37 1 1
go-programming/data-structures/stacks/array_stack.go:48.32,50.2 1 1
go-programming/data-structures/stacks/array_stack.go:53.28,55.2 1 1
go-programming/data-structures/stacks/array_stack.go:58.25,60.2 1 1
go-programming/data-structures/stacks/array_stack.go:63.33,67.2 3 0
go-programming/data-structures/stacks/array_stack.go:70.33,71.17 1 1
go-programming/data-structures/stacks/array_stack.go:71.17,73.3 1 0
go-programming/data-structures/stacks/array_stack.go:75.2,78.31 3 1
go-programming/data-structures/stacks/array_stack.go:78.31,80.25 2 1
go-programming/data-structures/stacks/array_stack.go:80.25,82.4 1 1
go-programming/data-structures/stacks/array_stack.go:85.2,86.24 2 1
go-programming/data-structures/stacks/array_stack.go:90.41,91.32 1 1
go-programming/data-structures/stacks/array_stack.go:91.32,92.20 1 1
go-programming/data-structures/stacks/array_stack.go:92.20,94.4 1 1
go-programming/data-structures/stacks/array_stack.go:96.2,96.14 1 0
go-programming/data-structures/stacks/linkedlist_stack.go:12.44,16.2 1 1
go-programming/data-structures/stacks/linkedlist_stack.go:19.43,21.2 1 1
go-programming/data-structures/stacks/linkedlist_stack.go:24.37,25.20 1 1
go-programming/data-structures/stacks/linkedlist_stack.go:25.20,27.6 1 1
go-programming/data-structures/stacks/linkedlist_stack.go:28.5,30.19 3 1
go-programming/data-structures/stacks/linkedlist_stack.go:34.38,35.20 1 1
go-programming/data-structures/stacks/linkedlist_stack.go:35.20,37.6 1 1
go-programming/data-structures/stacks/linkedlist_stack.go:38.5,39.19 2 1
go-programming/data-structures/stacks/linkedlist_stack.go:43.38,45.2 1 1
go-programming/data-structures/stacks/linkedlist_stack.go:48.42,50.2 1 1
go-programming/data-structures/stacks/linkedlist_stack.go:53.47,55.2 1 0
