mode: set
go-programming/algorithms/searching/searching.go:5.46,6.26 1 0
go-programming/algorithms/searching/searching.go:6.26,7.20 1 0
go-programming/algorithms/searching/searching.go:7.20,9.4 1 0
go-programming/algorithms/searching/searching.go:11.2,11.11 1 0
go-programming/algorithms/searching/searching.go:16.46,19.20 2 0
go-programming/algorithms/searching/searching.go:19.20,22.25 2 0
go-programming/algorithms/searching/searching.go:22.25,24.4 1 0
go-programming/algorithms/searching/searching.go:24.9,24.31 1 0
go-programming/algorithms/searching/searching.go:24.31,26.4 1 0
go-programming/algorithms/searching/searching.go:26.9,28.4 1 0
go-programming/algorithms/searching/searching.go:31.2,31.11 1 0
go-programming/algorithms/searching/searching.go:36.55,38.2 1 0
go-programming/algorithms/searching/searching.go:40.65,41.18 1 0
go-programming/algorithms/searching/searching.go:41.18,43.3 1 0
go-programming/algorithms/searching/searching.go:45.2,47.24 2 0
go-programming/algorithms/searching/searching.go:47.24,49.3 1 0
go-programming/algorithms/searching/searching.go:49.8,49.30 1 0
go-programming/algorithms/searching/searching.go:49.30,51.3 1 0
go-programming/algorithms/searching/searching.go:51.8,53.3 1 0
go-programming/algorithms/searching/searching.go:58.53,61.67 2 0
go-programming/algorithms/searching/searching.go:61.67,62.20 1 0
go-programming/algorithms/searching/searching.go:62.20,63.27 1 0
go-programming/algorithms/searching/searching.go:63.27,65.5 1 0
go-programming/algorithms/searching/searching.go:66.4,66.13 1 0
go-programming/algorithms/searching/searching.go:70.3,72.25 2 0
go-programming/algorithms/searching/searching.go:72.25,74.4 1 0
go-programming/algorithms/searching/searching.go:74.9,74.31 1 0
go-programming/algorithms/searching/searching.go:74.31,76.4 1 0
go-programming/algorithms/searching/searching.go:76.9,78.4 1 0
go-programming/algorithms/searching/searching.go:81.2,81.11 1 0
go-programming/algorithms/searching/searching.go:86.51,87.19 1 0
go-programming/algorithms/searching/searching.go:87.19,89.3 1 0
go-programming/algorithms/searching/searching.go:91.2,91.22 1 0
go-programming/algorithms/searching/searching.go:91.22,93.3 1 0
go-programming/algorithms/searching/searching.go:96.2,97.46 2 0
go-programming/algorithms/searching/searching.go:97.46,99.3 1 0
go-programming/algorithms/searching/searching.go:102.2,104.23 3 0
go-programming/algorithms/searching/searching.go:104.23,106.3 1 0
go-programming/algorithms/searching/searching.go:108.2,108.20 1 0
go-programming/algorithms/searching/searching.go:108.20,111.25 2 0
go-programming/algorithms/searching/searching.go:111.25,113.4 1 0
go-programming/algorithms/searching/searching.go:113.9,113.31 1 0
go-programming/algorithms/searching/searching.go:113.31,115.4 1 0
go-programming/algorithms/searching/searching.go:115.9,117.4 1 0
go-programming/algorithms/searching/searching.go:120.2,120.11 1 0
go-programming/algorithms/searching/searching.go:125.44,127.12 2 0
go-programming/algorithms/searching/searching.go:127.12,129.3 1 0
go-programming/algorithms/searching/searching.go:132.2,133.15 2 0
go-programming/algorithms/searching/searching.go:133.15,135.3 1 0
go-programming/algorithms/searching/searching.go:137.2,140.35 2 0
go-programming/algorithms/searching/searching.go:140.35,143.16 3 0
go-programming/algorithms/searching/searching.go:143.16,145.4 1 0
go-programming/algorithms/searching/searching.go:149.2,149.39 1 0
go-programming/algorithms/searching/searching.go:149.39,150.23 1 0
go-programming/algorithms/searching/searching.go:150.23,152.4 1 0
go-programming/algorithms/searching/searching.go:155.2,155.11 1 0
go-programming/algorithms/searching/searching.go:158.24,159.11 1 0
go-programming/algorithms/searching/searching.go:159.11,161.3 1 0
go-programming/algorithms/searching/searching.go:162.2,162.10 1 0
go-programming/algorithms/searching/searching.go:167.47,170.20 2 0
go-programming/algorithms/searching/searching.go:170.20,174.26 3 0
go-programming/algorithms/searching/searching.go:174.26,176.4 1 0
go-programming/algorithms/searching/searching.go:177.3,177.26 1 0
go-programming/algorithms/searching/searching.go:177.26,179.4 1 0
go-programming/algorithms/searching/searching.go:181.3,181.25 1 0
go-programming/algorithms/searching/searching.go:181.25,183.4 1 0
go-programming/algorithms/searching/searching.go:183.9,183.32 1 0
go-programming/algorithms/searching/searching.go:183.32,185.4 1 0
go-programming/algorithms/searching/searching.go:185.9,188.4 2 0
go-programming/algorithms/searching/searching.go:191.2,191.11 1 0
go-programming/algorithms/searching/searching.go:195.43,199.20 3 0
go-programming/algorithms/searching/searching.go:199.20,202.25 2 0
go-programming/algorithms/searching/searching.go:202.25,205.4 2 0
go-programming/algorithms/searching/searching.go:205.9,205.31 1 0
go-programming/algorithms/searching/searching.go:205.31,207.4 1 0
go-programming/algorithms/searching/searching.go:207.9,209.4 1 0
go-programming/algorithms/searching/searching.go:212.2,212.15 1 0
go-programming/algorithms/searching/searching.go:216.42,220.20 3 0
go-programming/algorithms/searching/searching.go:220.20,223.25 2 0
go-programming/algorithms/searching/searching.go:223.25,226.4 2 0
go-programming/algorithms/searching/searching.go:226.9,226.31 1 0
go-programming/algorithms/searching/searching.go:226.31,228.4 1 0
go-programming/algorithms/searching/searching.go:228.9,230.4 1 0
go-programming/algorithms/searching/searching.go:233.2,233.15 1 0
go-programming/algorithms/sorting/sorting.go:5.34,10.27 4 0
go-programming/algorithms/sorting/sorting.go:10.27,12.30 2 0
go-programming/algorithms/sorting/sorting.go:12.30,13.31 1 0
go-programming/algorithms/sorting/sorting.go:13.31,16.5 2 0
go-programming/algorithms/sorting/sorting.go:19.3,19.15 1 0
go-programming/algorithms/sorting/sorting.go:19.15,20.9 1 0
go-programming/algorithms/sorting/sorting.go:24.2,24.15 1 0
go-programming/algorithms/sorting/sorting.go:29.37,34.27 4 0
go-programming/algorithms/sorting/sorting.go:34.27,36.30 2 0
go-programming/algorithms/sorting/sorting.go:36.30,37.34 1 0
go-programming/algorithms/sorting/sorting.go:37.34,39.5 1 0
go-programming/algorithms/sorting/sorting.go:41.3,41.56 1 0
go-programming/algorithms/sorting/sorting.go:44.2,44.15 1 0
go-programming/algorithms/sorting/sorting.go:49.37,53.35 3 0
go-programming/algorithms/sorting/sorting.go:53.35,58.33 3 0
go-programming/algorithms/sorting/sorting.go:58.33,61.4 2 0
go-programming/algorithms/sorting/sorting.go:62.3,62.20 1 0
go-programming/algorithms/sorting/sorting.go:65.2,65.15 1 0
go-programming/algorithms/sorting/sorting.go:70.33,71.19 1 0
go-programming/algorithms/sorting/sorting.go:71.19,75.3 3 0
go-programming/algorithms/sorting/sorting.go:77.2,81.27 4 0
go-programming/algorithms/sorting/sorting.go:84.37,88.38 3 0
go-programming/algorithms/sorting/sorting.go:88.38,89.26 1 0
go-programming/algorithms/sorting/sorting.go:89.26,92.4 2 0
go-programming/algorithms/sorting/sorting.go:92.9,95.4 2 0
go-programming/algorithms/sorting/sorting.go:99.2,99.20 1 0
go-programming/algorithms/sorting/sorting.go:99.20,102.3 2 0
go-programming/algorithms/sorting/sorting.go:103.2,103.21 1 0
go-programming/algorithms/sorting/sorting.go:103.21,106.3 2 0
go-programming/algorithms/sorting/sorting.go:108.2,108.15 1 0
go-programming/algorithms/sorting/sorting.go:113.33,118.2 4 0
go-programming/algorithms/sorting/sorting.go:120.48,121.16 1 0
go-programming/algorithms/sorting/sorting.go:121.16,125.3 3 0
go-programming/algorithms/sorting/sorting.go:128.46,132.30 3 0
go-programming/algorithms/sorting/sorting.go:132.30,133.21 1 0
go-programming/algorithms/sorting/sorting.go:133.21,136.4 2 0
go-programming/algorithms/sorting/sorting.go:139.2,140.14 2 0
go-programming/algorithms/sorting/sorting.go:145.32,151.32 4 0
go-programming/algorithms/sorting/sorting.go:151.32,153.3 1 0
go-programming/algorithms/sorting/sorting.go:156.2,156.29 1 0
go-programming/algorithms/sorting/sorting.go:156.29,159.3 2 0
go-programming/algorithms/sorting/sorting.go:161.2,161.15 1 0
go-programming/algorithms/sorting/sorting.go:164.35,169.42 4 0
go-programming/algorithms/sorting/sorting.go:169.42,171.3 1 0
go-programming/algorithms/sorting/sorting.go:173.2,173.44 1 0
go-programming/algorithms/sorting/sorting.go:173.44,175.3 1 0
go-programming/algorithms/sorting/sorting.go:177.2,177.18 1 0
go-programming/algorithms/sorting/sorting.go:177.18,180.3 2 0
go-programming/algorithms/sorting/sorting.go:185.36,186.19 1 0
go-programming/algorithms/sorting/sorting.go:186.19,188.3 1 0
go-programming/algorithms/sorting/sorting.go:191.2,192.26 2 0
go-programming/algorithms/sorting/sorting.go:192.26,193.16 1 0
go-programming/algorithms/sorting/sorting.go:193.16,195.4 1 0
go-programming/algorithms/sorting/sorting.go:196.3,196.14 1 0
go-programming/algorithms/sorting/sorting.go:196.14,198.63 1 0
go-programming/algorithms/sorting/sorting.go:203.2,204.26 2 0
go-programming/algorithms/sorting/sorting.go:204.26,206.3 1 0
go-programming/algorithms/sorting/sorting.go:209.2,210.40 2 0
go-programming/algorithms/sorting/sorting.go:210.40,211.24 1 0
go-programming/algorithms/sorting/sorting.go:211.24,214.4 2 0
go-programming/algorithms/sorting/sorting.go:217.2,217.15 1 0
go-programming/main.go:8.13,38.22 22 0
go-programming/main.go:38.22,39.21 1 0
go-programming/main.go:40.16,43.63 2 0
go-programming/main.go:44.19,46.64 2 0
go-programming/main.go:47.15,48.58 1 0
go-programming/main.go:49.11,51.60 2 0
go-programming/main.go:55.2,55.90 1 0
go-programming/main.go:58.30,87.2 2 0
go-programming/data-structures/hash-tables/hash_table.go:23.40,24.15 1 0
go-programming/data-structures/hash-tables/hash_table.go:24.15,26.3 1 0
go-programming/data-structures/hash-tables/hash_table.go:27.2,31.3 1 0
go-programming/data-structures/hash-tables/hash_table.go:35.43,37.27 2 0
go-programming/data-structures/hash-tables/hash_table.go:37.27,39.3 1 0
go-programming/data-structures/hash-tables/hash_table.go:40.2,40.14 1 0
go-programming/data-structures/hash-tables/hash_table.go:40.14,42.3 1 0
go-programming/data-structures/hash-tables/hash_table.go:43.2,43.13 1 0
go-programming/data-structures/hash-tables/hash_table.go:47.49,50.30 2 0
go-programming/data-structures/hash-tables/hash_table.go:50.30,54.3 3 0
go-programming/data-structures/hash-tables/hash_table.go:57.2,58.21 2 0
go-programming/data-structures/hash-tables/hash_table.go:58.21,59.25 1 0
go-programming/data-structures/hash-tables/hash_table.go:59.25,63.4 2 0
go-programming/data-structures/hash-tables/hash_table.go:64.3,64.26 1 0
go-programming/data-structures/hash-tables/hash_table.go:64.26,65.9 1 0
go-programming/data-structures/hash-tables/hash_table.go:67.3,67.25 1 0
go-programming/data-structures/hash-tables/hash_table.go:71.2,72.12 2 0
go-programming/data-structures/hash-tables/hash_table.go:76.50,80.21 3 0
go-programming/data-structures/hash-tables/hash_table.go:80.21,81.25 1 0
go-programming/data-structures/hash-tables/hash_table.go:81.25,83.4 1 0
go-programming/data-structures/hash-tables/hash_table.go:84.3,84.25 1 0
go-programming/data-structures/hash-tables/hash_table.go:87.2,87.17 1 0
go-programming/data-structures/hash-tables/hash_table.go:91.46,94.30 2 0
go-programming/data-structures/hash-tables/hash_table.go:94.30,96.3 1 0
go-programming/data-structures/hash-tables/hash_table.go:99.2,99.34 1 0
go-programming/data-structures/hash-tables/hash_table.go:99.34,103.3 3 0
go-programming/data-structures/hash-tables/hash_table.go:106.2,107.26 2 0
go-programming/data-structures/hash-tables/hash_table.go:107.26,108.30 1 0
go-programming/data-structures/hash-tables/hash_table.go:108.30,112.4 3 0
go-programming/data-structures/hash-tables/hash_table.go:113.3,113.25 1 0
go-programming/data-structures/hash-tables/hash_table.go:116.2,116.14 1 0
go-programming/data-structures/hash-tables/hash_table.go:120.48,123.2 2 0
go-programming/data-structures/hash-tables/hash_table.go:126.34,128.2 1 0
go-programming/data-structures/hash-tables/hash_table.go:131.37,133.2 1 0
go-programming/data-structures/hash-tables/hash_table.go:136.38,139.35 2 0
go-programming/data-structures/hash-tables/hash_table.go:139.35,141.22 2 0
go-programming/data-structures/hash-tables/hash_table.go:141.22,144.4 2 0
go-programming/data-structures/hash-tables/hash_table.go:147.2,147.13 1 0
go-programming/data-structures/hash-tables/hash_table.go:151.37,154.35 2 0
go-programming/data-structures/hash-tables/hash_table.go:154.35,156.22 2 0
go-programming/data-structures/hash-tables/hash_table.go:156.22,159.4 2 0
go-programming/data-structures/hash-tables/hash_table.go:162.2,162.15 1 0
go-programming/data-structures/hash-tables/hash_table.go:166.30,169.2 2 0
go-programming/data-structures/hash-tables/hash_table.go:172.43,174.2 1 0
go-programming/data-structures/hash-tables/hash_table.go:177.38,178.18 1 0
go-programming/data-structures/hash-tables/hash_table.go:178.18,180.3 1 0
go-programming/data-structures/hash-tables/hash_table.go:182.2,185.35 3 0
go-programming/data-structures/hash-tables/hash_table.go:185.35,186.19 1 0
go-programming/data-structures/hash-tables/hash_table.go:186.19,189.23 3 0
go-programming/data-structures/hash-tables/hash_table.go:189.23,191.28 2 0
go-programming/data-structures/hash-tables/hash_table.go:191.28,193.6 1 0
go-programming/data-structures/hash-tables/hash_table.go:194.5,194.27 1 0
go-programming/data-structures/hash-tables/hash_table.go:196.4,196.28 1 0
go-programming/data-structures/hash-tables/hash_table.go:200.2,201.24 2 0
go-programming/data-structures/hash-tables/hash_table.go:210.40,214.2 1 0
go-programming/data-structures/hash-tables/hash_table.go:217.54,219.2 1 0
go-programming/data-structures/hash-tables/hash_table.go:222.55,225.2 2 0
go-programming/data-structures/hash-tables/hash_table.go:228.51,229.38 1 0
go-programming/data-structures/hash-tables/hash_table.go:229.38,232.3 2 0
go-programming/data-structures/hash-tables/hash_table.go:233.2,233.14 1 0
go-programming/data-structures/hash-tables/hash_table.go:237.53,240.2 2 0
go-programming/data-structures/hash-tables/hash_table.go:243.38,245.2 1 0
go-programming/data-structures/hash-tables/hash_table.go:248.43,250.28 2 0
go-programming/data-structures/hash-tables/hash_table.go:250.28,252.3 1 0
go-programming/data-structures/hash-tables/hash_table.go:253.2,253.13 1 0
go-programming/data-structures/queues/queue.go:15.24,19.2 1 0
go-programming/data-structures/queues/queue.go:22.35,24.2 1 0
go-programming/data-structures/queues/queue.go:27.40,28.17 1 0
go-programming/data-structures/queues/queue.go:28.17,30.3 1 0
go-programming/data-structures/queues/queue.go:32.2,34.18 3 0
go-programming/data-structures/queues/queue.go:38.38,39.17 1 0
go-programming/data-structures/queues/queue.go:39.17,41.3 1 0
go-programming/data-structures/queues/queue.go:43.2,43.24 1 0
go-programming/data-structures/queues/queue.go:47.37,48.17 1 0
go-programming/data-structures/queues/queue.go:48.17,50.3 1 0
go-programming/data-structures/queues/queue.go:52.2,52.37 1 0
go-programming/data-structures/queues/queue.go:56.32,58.2 1 0
go-programming/data-structures/queues/queue.go:61.28,63.2 1 0
go-programming/data-structures/queues/queue.go:66.25,68.2 1 0
go-programming/data-structures/queues/queue.go:71.33,75.2 3 0
go-programming/data-structures/queues/queue.go:78.33,79.17 1 0
go-programming/data-structures/queues/queue.go:79.17,81.3 1 0
go-programming/data-structures/queues/queue.go:83.2,86.31 3 0
go-programming/data-structures/queues/queue.go:86.31,88.25 2 0
go-programming/data-structures/queues/queue.go:88.25,90.4 1 0
go-programming/data-structures/queues/queue.go:93.2,94.24 2 0
go-programming/data-structures/queues/queue.go:98.41,99.32 1 0
go-programming/data-structures/queues/queue.go:99.32,100.20 1 0
go-programming/data-structures/queues/queue.go:100.20,102.4 1 0
go-programming/data-structures/queues/queue.go:104.2,104.14 1 0
go-programming/data-structures/queues/queue.go:117.52,125.2 1 0
go-programming/data-structures/queues/queue.go:128.50,129.17 1 0
go-programming/data-structures/queues/queue.go:129.17,131.3 1 0
go-programming/data-structures/queues/queue.go:133.2,136.12 4 0
go-programming/data-structures/queues/queue.go:140.49,141.18 1 0
go-programming/data-structures/queues/queue.go:141.18,143.3 1 0
go-programming/data-structures/queues/queue.go:145.2,148.18 4 0
go-programming/data-structures/queues/queue.go:152.41,154.2 1 0
go-programming/data-structures/queues/queue.go:157.40,159.2 1 0
go-programming/data-structures/queues/queue.go:162.37,164.2 1 0
go-programming/data-structures/queues/queue.go:167.41,169.2 1 0
go-programming/data-structures/trees/binary_tree.go:21.34,23.2 1 0
go-programming/data-structures/trees/binary_tree.go:26.41,28.2 1 0
go-programming/data-structures/trees/binary_tree.go:30.70,31.17 1 0
go-programming/data-structures/trees/binary_tree.go:31.17,33.3 1 0
go-programming/data-structures/trees/binary_tree.go:35.2,35.24 1 0
go-programming/data-structures/trees/binary_tree.go:35.24,37.3 1 0
go-programming/data-structures/trees/binary_tree.go:37.8,37.31 1 0
go-programming/data-structures/trees/binary_tree.go:37.31,39.3 1 0
go-programming/data-structures/trees/binary_tree.go:41.2,41.13 1 0
go-programming/data-structures/trees/binary_tree.go:45.46,47.2 1 0
go-programming/data-structures/trees/binary_tree.go:49.65,50.17 1 0
go-programming/data-structures/trees/binary_tree.go:50.17,52.3 1 0
go-programming/data-structures/trees/binary_tree.go:54.2,54.25 1 0
go-programming/data-structures/trees/binary_tree.go:54.25,56.3 1 0
go-programming/data-structures/trees/binary_tree.go:58.2,58.24 1 0
go-programming/data-structures/trees/binary_tree.go:58.24,60.3 1 0
go-programming/data-structures/trees/binary_tree.go:62.2,62.40 1 0
go-programming/data-structures/trees/binary_tree.go:66.41,68.2 1 0
go-programming/data-structures/trees/binary_tree.go:70.70,71.17 1 0
go-programming/data-structures/trees/binary_tree.go:71.17,73.3 1 0
go-programming/data-structures/trees/binary_tree.go:75.2,75.24 1 0
go-programming/data-structures/trees/binary_tree.go:75.24,77.3 1 0
go-programming/data-structures/trees/binary_tree.go:77.8,77.31 1 0
go-programming/data-structures/trees/binary_tree.go:77.31,79.3 1 0
go-programming/data-structures/trees/binary_tree.go:79.8,81.23 1 0
go-programming/data-structures/trees/binary_tree.go:81.23,83.4 1 0
go-programming/data-structures/trees/binary_tree.go:83.9,83.31 1 0
go-programming/data-structures/trees/binary_tree.go:83.31,85.4 1 0
go-programming/data-structures/trees/binary_tree.go:88.3,89.52 2 0
go-programming/data-structures/trees/binary_tree.go:92.2,92.13 1 0
go-programming/data-structures/trees/binary_tree.go:95.52,97.26 2 0
go-programming/data-structures/trees/binary_tree.go:97.26,99.3 1 0
go-programming/data-structures/trees/binary_tree.go:100.2,100.22 1 0
go-programming/data-structures/trees/binary_tree.go:104.48,108.2 3 0
go-programming/data-structures/trees/binary_tree.go:110.65,111.17 1 0
go-programming/data-structures/trees/binary_tree.go:111.17,115.3 3 0
go-programming/data-structures/trees/binary_tree.go:119.49,123.2 3 0
go-programming/data-structures/trees/binary_tree.go:125.66,126.17 1 0
go-programming/data-structures/trees/binary_tree.go:126.17,130.3 3 0
go-programming/data-structures/trees/binary_tree.go:134.50,138.2 3 0
go-programming/data-structures/trees/binary_tree.go:140.67,141.17 1 0
go-programming/data-structures/trees/binary_tree.go:141.17,145.3 3 0
go-programming/data-structures/trees/binary_tree.go:149.36,151.2 1 0
go-programming/data-structures/trees/binary_tree.go:153.53,154.17 1 0
go-programming/data-structures/trees/binary_tree.go:154.17,156.3 1 0
go-programming/data-structures/trees/binary_tree.go:158.2,161.30 3 0
go-programming/data-structures/trees/binary_tree.go:161.30,163.3 1 0
go-programming/data-structures/trees/binary_tree.go:164.2,164.24 1 0
go-programming/data-structures/trees/binary_tree.go:168.38,170.2 1 0
go-programming/data-structures/trees/binary_tree.go:173.34,175.2 1 0
go-programming/data-structures/trees/binary_tree.go:177.51,178.17 1 0
go-programming/data-structures/trees/binary_tree.go:178.17,180.3 1 0
go-programming/data-structures/trees/binary_tree.go:181.2,181.59 1 0
go-programming/data-structures/trees/binary_tree.go:185.39,186.20 1 0
go-programming/data-structures/trees/binary_tree.go:186.20,188.3 1 0
go-programming/data-structures/trees/binary_tree.go:190.2,193.24 4 0
go-programming/data-structures/trees/binary_tree.go:196.102,197.17 1 0
go-programming/data-structures/trees/binary_tree.go:197.17,199.13 2 0
go-programming/data-structures/trees/binary_tree.go:199.13,201.4 1 0
go-programming/data-structures/trees/binary_tree.go:201.9,203.4 1 0
go-programming/data-structures/trees/binary_tree.go:204.3,207.34 3 0
go-programming/data-structures/trees/binary_tree.go:207.34,208.20 1 0
go-programming/data-structures/trees/binary_tree.go:208.20,210.15 2 0
go-programming/data-structures/trees/binary_tree.go:210.15,212.6 1 0
go-programming/data-structures/trees/binary_tree.go:213.5,213.72 1 0
go-programming/examples/beginner/basic_usage.go:14.13,40.2 13 0
go-programming/examples/beginner/basic_usage.go:42.32,46.26 2 0
go-programming/examples/beginner/basic_usage.go:46.26,48.3 1 0
go-programming/examples/beginner/basic_usage.go:50.2,57.39 4 0
go-programming/examples/beginner/basic_usage.go:57.39,59.3 1 0
go-programming/examples/beginner/basic_usage.go:62.2,63.59 2 0
go-programming/examples/beginner/basic_usage.go:66.30,70.26 2 0
go-programming/examples/beginner/basic_usage.go:70.26,72.3 1 0
go-programming/examples/beginner/basic_usage.go:74.2,86.41 7 0
go-programming/examples/beginner/basic_usage.go:89.25,93.26 2 0
go-programming/examples/beginner/basic_usage.go:93.26,96.3 2 0
go-programming/examples/beginner/basic_usage.go:99.2,99.23 1 0
go-programming/examples/beginner/basic_usage.go:99.23,100.42 1 0
go-programming/examples/beginner/basic_usage.go:100.42,102.4 1 0
go-programming/examples/beginner/basic_usage.go:106.25,110.26 2 0
go-programming/examples/beginner/basic_usage.go:110.26,113.3 2 0
go-programming/examples/beginner/basic_usage.go:116.2,116.23 1 0
go-programming/examples/beginner/basic_usage.go:116.23,117.46 1 0
go-programming/examples/beginner/basic_usage.go:117.46,119.4 1 0
go-programming/examples/beginner/basic_usage.go:123.27,138.41 4 0
go-programming/examples/beginner/basic_usage.go:138.41,141.3 2 0
go-programming/examples/beginner/basic_usage.go:144.29,163.43 6 0
go-programming/examples/beginner/basic_usage.go:163.43,165.18 2 0
go-programming/examples/beginner/basic_usage.go:165.18,167.4 1 0
go-programming/examples/beginner/basic_usage.go:167.9,169.4 1 0
go-programming/utils/input-output/io.go:14.45,18.21 3 0
go-programming/utils/input-output/io.go:18.21,20.3 1 0
go-programming/utils/input-output/io.go:22.2,23.16 2 0
go-programming/utils/input-output/io.go:23.16,25.3 1 0
go-programming/utils/input-output/io.go:27.2,30.29 3 0
go-programming/utils/input-output/io.go:30.29,32.17 2 0
go-programming/utils/input-output/io.go:32.17,34.4 1 0
go-programming/utils/input-output/io.go:35.3,35.18 1 0
go-programming/utils/input-output/io.go:38.2,38.20 1 0
go-programming/utils/input-output/io.go:42.42,47.16 4 0
go-programming/utils/input-output/io.go:47.16,49.3 1 0
go-programming/utils/input-output/io.go:51.2,51.17 1 0
go-programming/utils/input-output/io.go:55.48,59.21 3 0
go-programming/utils/input-output/io.go:59.21,61.3 1 0
go-programming/utils/input-output/io.go:63.2,63.47 1 0
go-programming/utils/input-output/io.go:67.42,68.17 1 0
go-programming/utils/input-output/io.go:68.17,70.3 1 0
go-programming/utils/input-output/io.go:71.2,72.26 2 0
go-programming/utils/input-output/io.go:72.26,74.21 2 0
go-programming/utils/input-output/io.go:74.21,76.4 1 0
go-programming/utils/input-output/io.go:78.2,78.18 1 0
go-programming/utils/input-output/io.go:82.48,83.17 1 0
go-programming/utils/input-output/io.go:83.17,85.3 1 0
go-programming/utils/input-output/io.go:87.2,87.29 1 0
go-programming/utils/input-output/io.go:87.29,89.27 2 0
go-programming/utils/input-output/io.go:89.27,91.22 2 0
go-programming/utils/input-output/io.go:91.22,93.5 1 0
go-programming/utils/input-output/io.go:95.3,95.19 1 0
go-programming/utils/input-output/io.go:100.52,104.28 3 0
go-programming/utils/input-output/io.go:104.28,106.3 1 0
go-programming/utils/input-output/io.go:108.2,108.12 1 0
go-programming/utils/input-output/io.go:112.74,116.21 3 0
go-programming/utils/input-output/io.go:116.21,117.29 1 0
go-programming/utils/input-output/io.go:117.29,119.4 1 0
go-programming/utils/input-output/io.go:120.8,121.29 1 0
go-programming/utils/input-output/io.go:121.29,122.73 1 0
go-programming/utils/input-output/io.go:126.3,127.29 2 0
go-programming/utils/input-output/io.go:127.29,128.8 1 0
go-programming/utils/input-output/io.go:128.8,130.19 2 0
go-programming/utils/input-output/io.go:130.19,133.11 3 0
go-programming/utils/input-output/io.go:140.2,140.34 1 0
go-programming/utils/input-output/io.go:140.34,141.37 1 0
go-programming/utils/input-output/io.go:141.37,142.25 1 0
go-programming/utils/input-output/io.go:142.25,144.5 1 0
go-programming/utils/input-output/io.go:148.2,148.12 1 0
go-programming/utils/input-output/io.go:152.51,154.16 2 0
go-programming/utils/input-output/io.go:154.16,156.3 1 0
go-programming/utils/input-output/io.go:157.2,162.21 4 0
go-programming/utils/input-output/io.go:162.21,164.17 2 0
go-programming/utils/input-output/io.go:164.17,165.12 1 0
go-programming/utils/input-output/io.go:168.3,169.30 2 0
go-programming/utils/input-output/io.go:169.30,171.18 2 0
go-programming/utils/input-output/io.go:171.18,173.5 1 0
go-programming/utils/input-output/io.go:174.4,174.32 1 0
go-programming/utils/input-output/io.go:178.2,178.38 1 0
go-programming/utils/input-output/io.go:178.38,180.3 1 0
go-programming/utils/input-output/io.go:182.2,182.20 1 0
go-programming/utils/input-output/io.go:186.52,188.16 2 0
go-programming/utils/input-output/io.go:188.16,190.3 1 0
go-programming/utils/input-output/io.go:191.2,196.26 4 0
go-programming/utils/input-output/io.go:196.26,197.12 1 0
go-programming/utils/input-output/io.go:197.12,199.4 1 0
go-programming/utils/input-output/io.go:200.3,200.40 1 0
go-programming/utils/input-output/io.go:202.2,204.12 2 0
go-programming/utils/input-output/io.go:208.54,215.2 6 0
go-programming/data-structures/arrays/array.go:16.67,17.26 1 1
go-programming/data-structures/arrays/array.go:17.26,19.3 1 0
go-programming/data-structures/arrays/array.go:20.2,24.3 1 1
go-programming/data-structures/arrays/array.go:28.44,29.28 1 1
go-programming/data-structures/arrays/array.go:29.28,31.3 1 1
go-programming/data-structures/arrays/array.go:32.2,33.11 2 1
go-programming/data-structures/arrays/array.go:37.54,38.35 1 1
go-programming/data-structures/arrays/array.go:38.35,41.3 2 1
go-programming/data-structures/arrays/array.go:42.2,42.28 1 1
go-programming/data-structures/arrays/array.go:46.58,47.35 1 1
go-programming/data-structures/arrays/array.go:47.35,49.3 1 0
go-programming/data-structures/arrays/array.go:51.2,52.12 2 1
go-programming/data-structures/arrays/array.go:56.61,57.34 1 1
go-programming/data-structures/arrays/array.go:57.34,59.3 1 0
go-programming/data-structures/arrays/array.go:61.2,61.28 1 1
go-programming/data-structures/arrays/array.go:61.28,63.3 1 0
go-programming/data-structures/arrays/array.go:65.2,69.12 5 1
go-programming/data-structures/arrays/array.go:73.52,74.35 1 1
go-programming/data-structures/arrays/array.go:74.35,76.3 1 0
go-programming/data-structures/arrays/array.go:78.2,83.64 4 1
go-programming/data-structures/arrays/array.go:83.64,85.3 1 1
go-programming/data-structures/arrays/array.go:86.2,86.12 1 1
go-programming/data-structures/arrays/array.go:90.39,92.2 1 1
go-programming/data-structures/arrays/array.go:95.43,97.2 1 1
go-programming/data-structures/arrays/array.go:100.42,104.2 3 0
go-programming/data-structures/arrays/array.go:107.47,112.2 4 1
go-programming/data-structures/arrays/array.go:114.47,117.21 2 1
go-programming/data-structures/arrays/array.go:117.21,119.3 1 0
go-programming/data-structures/arrays/array.go:120.2,122.19 3 1
go-programming/data-structures/arrays/array.go:126.44,129.2 1 0
go-programming/data-structures/linked-lists/linked_list.go:21.34,26.2 1 1
go-programming/data-structures/linked-lists/linked_list.go:29.41,33.2 3 1
go-programming/data-structures/linked-lists/linked_list.go:36.40,39.20 2 1
go-programming/data-structures/linked-lists/linked_list.go:39.20,43.3 3 1
go-programming/data-structures/linked-lists/linked_list.go:45.2,46.26 2 1
go-programming/data-structures/linked-lists/linked_list.go:46.26,48.3 1 1
go-programming/data-structures/linked-lists/linked_list.go:49.2,50.11 2 1
go-programming/data-structures/linked-lists/linked_list.go:54.59,55.34 1 1
go-programming/data-structures/linked-lists/linked_list.go:55.34,57.3 1 0
go-programming/data-structures/linked-lists/linked_list.go:59.2,59.16 1 1
go-programming/data-structures/linked-lists/linked_list.go:59.16,62.3 2 0
go-programming/data-structures/linked-lists/linked_list.go:64.2,66.31 3 1
go-programming/data-structures/linked-lists/linked_list.go:66.31,68.3 1 1
go-programming/data-structures/linked-lists/linked_list.go:70.2,73.12 4 1
go-programming/data-structures/linked-lists/linked_list.go:77.49,78.35 1 1
go-programming/data-structures/linked-lists/linked_list.go:78.35,80.3 1 0
go-programming/data-structures/linked-lists/linked_list.go:82.2,82.16 1 1
go-programming/data-structures/linked-lists/linked_list.go:82.16,86.3 3 0
go-programming/data-structures/linked-lists/linked_list.go:88.2,89.31 2 1
go-programming/data-structures/linked-lists/linked_list.go:89.31,91.3 1 1
go-programming/data-structures/linked-lists/linked_list.go:93.2,95.12 3 1
go-programming/data-structures/linked-lists/linked_list.go:99.50,100.20 1 1
go-programming/data-structures/linked-lists/linked_list.go:100.20,102.3 1 0
go-programming/data-structures/linked-lists/linked_list.go:104.2,104.26 1 1
go-programming/data-structures/linked-lists/linked_list.go:104.26,108.3 3 0
go-programming/data-structures/linked-lists/linked_list.go:110.2,111.26 2 1
go-programming/data-structures/linked-lists/linked_list.go:111.26,112.32 1 1
go-programming/data-structures/linked-lists/linked_list.go:112.32,116.4 3 1
go-programming/data-structures/linked-lists/linked_list.go:117.3,117.25 1 0
go-programming/data-structures/linked-lists/linked_list.go:120.2,120.14 1 0
go-programming/data-structures/linked-lists/linked_list.go:124.42,128.21 3 1
go-programming/data-structures/linked-lists/linked_list.go:128.21,129.27 1 1
go-programming/data-structures/linked-lists/linked_list.go:129.27,131.4 1 1
go-programming/data-structures/linked-lists/linked_list.go:132.3,133.10 2 1
go-programming/data-structures/linked-lists/linked_list.go:136.2,136.11 1 1
go-programming/data-structures/linked-lists/linked_list.go:140.51,141.35 1 1
go-programming/data-structures/linked-lists/linked_list.go:141.35,143.3 1 1
go-programming/data-structures/linked-lists/linked_list.go:145.2,146.29 2 1
go-programming/data-structures/linked-lists/linked_list.go:146.29,148.3 1 1
go-programming/data-structures/linked-lists/linked_list.go:150.2,150.26 1 1
go-programming/data-structures/linked-lists/linked_list.go:154.34,156.2 1 1
go-programming/data-structures/linked-lists/linked_list.go:159.38,161.2 1 1
go-programming/data-structures/linked-lists/linked_list.go:164.39,169.21 4 1
go-programming/data-structures/linked-lists/linked_list.go:169.21,173.3 3 1
go-programming/data-structures/linked-lists/linked_list.go:175.2,175.15 1 1
go-programming/data-structures/linked-lists/linked_list.go:179.33,183.21 3 1
go-programming/data-structures/linked-lists/linked_list.go:183.21,188.3 4 1
go-programming/data-structures/linked-lists/linked_list.go:190.2,190.16 1 1
go-programming/data-structures/linked-lists/linked_list.go:194.39,195.20 1 0
go-programming/data-structures/linked-lists/linked_list.go:195.20,197.3 1 0
go-programming/data-structures/linked-lists/linked_list.go:199.2,203.21 4 0
go-programming/data-structures/linked-lists/linked_list.go:203.21,205.26 2 0
go-programming/data-structures/linked-lists/linked_list.go:205.26,207.4 1 0
go-programming/data-structures/linked-lists/linked_list.go:208.3,208.25 1 0
go-programming/data-structures/linked-lists/linked_list.go:211.2,212.24 2 0
go-programming/data-structures/stacks/linkedlist_stack.go:12.44,16.2 1 1
go-programming/data-structures/stacks/linkedlist_stack.go:19.43,21.2 1 1
go-programming/data-structures/stacks/linkedlist_stack.go:24.37,25.20 1 1
go-programming/data-structures/stacks/linkedlist_stack.go:25.20,27.6 1 1
go-programming/data-structures/stacks/linkedlist_stack.go:28.5,30.19 3 1
go-programming/data-structures/stacks/linkedlist_stack.go:34.38,35.20 1 1
go-programming/data-structures/stacks/linkedlist_stack.go:35.20,37.6 1 1
go-programming/data-structures/stacks/linkedlist_stack.go:38.5,39.19 2 1
go-programming/data-structures/stacks/linkedlist_stack.go:43.38,45.2 1 1
go-programming/data-structures/stacks/linkedlist_stack.go:48.42,50.2 1 1
go-programming/data-structures/stacks/linkedlist_stack.go:53.47,55.2 1 0
go-programming/data-structures/stacks/stack.go:15.24,19.2 1 1
go-programming/data-structures/stacks/stack.go:22.32,24.2 1 1
go-programming/data-structures/stacks/stack.go:27.36,28.17 1 1
go-programming/data-structures/stacks/stack.go:28.17,30.3 1 0
go-programming/data-structures/stacks/stack.go:32.2,35.18 4 1
go-programming/data-structures/stacks/stack.go:39.37,40.17 1 1
go-programming/data-structures/stacks/stack.go:40.17,42.3 1 0
go-programming/data-structures/stacks/stack.go:44.2,44.37 1 1
go-programming/data-structures/stacks/stack.go:48.32,50.2 1 1
go-programming/data-structures/stacks/stack.go:53.28,55.2 1 1
go-programming/data-structures/stacks/stack.go:58.25,60.2 1 1
go-programming/data-structures/stacks/stack.go:63.33,67.2 3 0
go-programming/data-structures/stacks/stack.go:70.33,71.17 1 1
go-programming/data-structures/stacks/stack.go:71.17,73.3 1 0
go-programming/data-structures/stacks/stack.go:75.2,78.31 3 1
go-programming/data-structures/stacks/stack.go:78.31,80.25 2 1
go-programming/data-structures/stacks/stack.go:80.25,82.4 1 1
go-programming/data-structures/stacks/stack.go:85.2,86.24 2 1
go-programming/data-structures/stacks/stack.go:90.41,91.32 1 1
go-programming/data-structures/stacks/stack.go:91.32,92.20 1 1
go-programming/data-structures/stacks/stack.go:92.20,94.4 1 1
go-programming/data-structures/stacks/stack.go:96.2,96.14 1 0
go-programming/examples/beginner/recursive/recursive.go:3.27,4.12 1 1
go-programming/examples/beginner/recursive/recursive.go:4.12,6.3 1 1
go-programming/examples/beginner/recursive/recursive.go:8.2,8.27 1 1
go-programming/examples/beginner/recursive/recursive.go:12.37,17.38 3 1
go-programming/examples/beginner/recursive/recursive.go:17.38,18.26 1 1
go-programming/examples/beginner/recursive/recursive.go:18.26,21.4 2 1
go-programming/examples/beginner/recursive/recursive.go:21.9,24.4 2 1
go-programming/examples/beginner/recursive/recursive.go:28.2,31.15 3 1
go-programming/examples/beginner/recursive/recursive.go:34.34,35.20 1 1
go-programming/examples/beginner/recursive/recursive.go:35.20,37.3 1 1
go-programming/examples/beginner/recursive/recursive.go:39.2,42.27 4 1
go-programming/leetcode/easy/lc21.go:21.58,22.15 1 1
go-programming/leetcode/easy/lc21.go:22.15,24.3 1 1
go-programming/leetcode/easy/lc21.go:25.2,25.15 1 1
go-programming/leetcode/easy/lc21.go:25.15,27.3 1 1
go-programming/leetcode/easy/lc21.go:29.2,29.21 1 1
go-programming/leetcode/easy/lc21.go:29.21,32.3 2 1
go-programming/leetcode/easy/lc21.go:32.8,35.3 2 1
go-programming/leetcode/easy/lc21.go:39.67,43.29 3 0
go-programming/leetcode/easy/lc21.go:43.29,44.22 1 0
go-programming/leetcode/easy/lc21.go:44.22,47.4 2 0
go-programming/leetcode/easy/lc21.go:47.9,50.4 2 0
go-programming/leetcode/easy/lc21.go:51.3,51.25 1 0
go-programming/leetcode/easy/lc21.go:54.2,54.15 1 0
go-programming/leetcode/easy/lc21.go:54.15,56.3 1 0
go-programming/leetcode/easy/lc21.go:56.8,58.3 1 0
go-programming/leetcode/easy/lc21.go:60.2,60.19 1 0
